<?xml version="1.0" encoding="UTF-8"?>
<!-- Generated by org.testng.reporters.JUnitReportReporter -->
<testsuite hostname="COG-WIN-MAC03" failures="0" tests="10" name="testcases.IntegrationTest" time="424.976" errors="0" timestamp="2022-10-11T15:23:00 IST" skipped="0">
  <testcase classname="testcases.IntegrationTest" name="ValidateClickTestingOfBasecampPage" time="23.971"/>
  <system-out/>
  <testcase classname="testcases.IntegrationTest" name="ValidateClickTestingOfEmailPage" time="34.901"/>
  <system-out/>
  <testcase classname="testcases.IntegrationTest" name="ValidateClickTestingOfFreshBookPage" time="39.755"/>
  <system-out/>
  <testcase classname="testcases.IntegrationTest" name="ValidateClickTestingOfGPSTrackingPage" time="44.217"/>
  <system-out/>
  <testcase classname="testcases.IntegrationTest" name="ValidateClickTestingOfIVrPage" time="68.673"/>
  <system-out/>
  <testcase classname="testcases.IntegrationTest" name="ValidateClickTestingOfMicrosoftProjectPlanPage" time="46.069"/>
  <system-out/>
  <testcase classname="testcases.IntegrationTest" name="ValidateClickTestingOfQuickBooksPage" time="42.182"/>
  <system-out/>
  <testcase classname="testcases.IntegrationTest" name="ValidateClickTestingOfSalesForcePage" time="33.961"/>
  <system-out/>
  <testcase classname="testcases.IntegrationTest" name="ValidateClickTestingOfTrelloPage" time="39.245"/>
  <system-out/>
  <testcase classname="testcases.IntegrationTest" name="ValidateClickTestingOfTwilioPage" time="52.002"/>
  <system-out/>
</testsuite> <!-- testcases.IntegrationTest -->
