<?xml version="1.0" encoding="UTF-8"?>
<!-- Generated by org.testng.reporters.JUnitReportReporter -->
<testsuite hostname="COG-WIN-MAC03" failures="0" tests="1" name="testcases.CrmTest" time="48.522" errors="0" timestamp="2022-09-29T16:28:14 IST" skipped="0">
  <testcase classname="testcases.CrmTest" name="ValidateClickTestingOfVendorPage" time="48.522"/>
  <system-out/>
</testsuite> <!-- testcases.CrmTest -->
