<?xml version="1.0" encoding="UTF-8"?>
<!-- Generated by org.testng.reporters.JUnitReportReporter -->
<testsuite hostname="COG-WIN-MAC03" failures="0" tests="1" name="testcases.CompanySetUpTest" time="45.898" errors="0" timestamp="2022-09-28T10:10:17 IST" skipped="0">
  <testcase classname="testcases.CompanySetUpTest" name="ValidateClickTestingOfSearchVendorsPage" time="45.898"/>
  <system-out/>
</testsuite> <!-- testcases.CompanySetUpTest -->
