<?xml version="1.0" encoding="UTF-8"?>
<!-- Generated by org.testng.reporters.JUnitReportReporter -->
<testsuite hostname="COG-WIN-MAC03" failures="0" tests="1" name="testcases.FsmTest" time="23.711" errors="0" timestamp="2022-10-04T17:40:01 IST" skipped="0">
  <testcase classname="testcases.FsmTest" name="ValidateClickTestingOfDashBoardPage" time="23.711"/>
  <system-out/>
</testsuite> <!-- testcases.FsmTest -->
