<?xml version="1.0" encoding="UTF-8"?>
<!-- Generated by org.testng.reporters.JUnitReportReporter -->
<testsuite hostname="COG-WIN-MAC03" failures="0" tests="1" name="testcases.AssetManagementTest" time="23.373" errors="0" timestamp="2022-09-16T16:44:46 IST" skipped="0">
  <testcase classname="testcases.AssetManagementTest" name="ValidateClickTestingOfDashboardPage" time="23.373"/>
  <system-out/>
</testsuite> <!-- testcases.AssetManagementTest -->
