<?xml version="1.0" encoding="UTF-8"?>
<!-- Generated by org.testng.reporters.JUnitReportReporter -->
<testsuite hostname="COG-WIN-MAC03" failures="0" tests="6" name="testcases.EventManagementTest" time="302.427" errors="0" timestamp="2022-09-30T13:03:27 IST" skipped="0">
  <testcase classname="testcases.EventManagementTest" name="ValidateClickTestingOfCalendarPage" time="28.677"/>
  <system-out/>
  <testcase classname="testcases.EventManagementTest" name="ValidateClickTestingOfGoogleCalendarPage" time="51.102"/>
  <system-out/>
  <testcase classname="testcases.EventManagementTest" name="ValidateClickTestingOfEventManagementPage" time="68.762"/>
  <system-out/>
  <testcase classname="testcases.EventManagementTest" name="ValidateClickTestingOfManageVenuePage" time="42.922"/>
  <system-out/>
  <testcase classname="testcases.EventManagementTest" name="ValidateClickTestingOfDashBoardPage" time="59.815"/>
  <system-out/>
  <testcase classname="testcases.EventManagementTest" name="ValidateClickTestingOfUserAvailabilityPage" time="51.149"/>
  <system-out/>
</testsuite> <!-- testcases.EventManagementTest -->
