<?xml version="1.0" encoding="UTF-8"?>
<!-- Generated by org.testng.reporters.JUnitReportReporter -->
<testsuite hostname="COG-WIN-MAC03" failures="0" tests="1" name="testcases.GeneralTest" time="96.612" errors="0" timestamp="2022-10-05T18:20:33 IST" skipped="0">
  <testcase classname="testcases.GeneralTest" name="ValidateClickTestingOfProvisionalRightsPage" time="96.612"/>
  <system-out/>
</testsuite> <!-- testcases.GeneralTest -->
