<?xml version="1.0" encoding="UTF-8"?>
<!-- Generated by org.testng.reporters.JUnitReportReporter -->
<testsuite hostname="COG-WIN-MAC03" failures="0" tests="1" name="testcases.HRManagementTest" time="51.013" errors="0" timestamp="2022-10-10T12:21:31 IST" skipped="0">
  <testcase classname="testcases.HRManagementTest" name="ValidateClickTestingOfLeaveApprovalPage" time="51.013"/>
  <system-out/>
</testsuite> <!-- testcases.HRManagementTest -->
