<?xml version="1.0" encoding="UTF-8"?>
<!-- Generated by org.testng.reporters.JUnitReportReporter -->
<testsuite hostname="COG-WIN-MAC03" failures="0" tests="12" name="testcases.HiringTest" time="652.760" errors="0" timestamp="2022-10-06T18:28:49 IST" skipped="0">
  <testcase classname="testcases.HiringTest" name="ValidateClickTestingOfCandidateListPage" time="62.171"/>
  <system-out/>
  <testcase classname="testcases.HiringTest" name="ValidateClickTestingOfConsultantListListPage" time="58.025"/>
  <system-out/>
  <testcase classname="testcases.HiringTest" name="ValidateClickTestingOfGroupListListPage" time="53.444"/>
  <system-out/>
  <testcase classname="testcases.HiringTest" name="ValidateClickTestingOfjobListListPage" time="75.380"/>
  <system-out/>
  <testcase classname="testcases.HiringTest" name="ValidateClickTestingOfjobPostReportPage" time="33.817"/>
  <system-out/>
  <testcase classname="testcases.HiringTest" name="ValidateClickTestingOfJobRequisitionPage" time="61.293"/>
  <system-out/>
  <testcase classname="testcases.HiringTest" name="ValidateClickTestingOfOffboardEmployeeListPage" time="50.992"/>
  <system-out/>
  <testcase classname="testcases.HiringTest" name="ValidateClickTestingOfPolicyPage" time="53.658"/>
  <system-out/>
  <testcase classname="testcases.HiringTest" name="ValidateClickTestingOfResignationPage" time="61.322"/>
  <system-out/>
  <testcase classname="testcases.HiringTest" name="ValidateClickTestingOfSertvicePage" time="36.259"/>
  <system-out/>
  <testcase classname="testcases.HiringTest" name="ValidateClickTestingOfTalentPoolListPage" time="57.256"/>
  <system-out/>
  <testcase classname="testcases.HiringTest" name="ValidateClickTestingOfVendorListingPage" time="49.143"/>
  <system-out/>
</testsuite> <!-- testcases.HiringTest -->
