<?xml version="1.0" encoding="UTF-8"?>
<!-- Generated by org.testng.reporters.JUnitReportReporter -->
<testsuite hostname="COG-WIN-MAC03" failures="0" tests="13" name="testcases.HumanResourcesTest" time="702.120" errors="0" timestamp="2022-10-10T14:42:59 IST" skipped="0">
  <testcase classname="testcases.HumanResourcesTest" name="ValidateClickTestingOfAttendancePage" time="23.857"/>
  <system-out/>
  <testcase classname="testcases.HumanResourcesTest" name="ValidateClickTestingOfAttendanceApprovalPage" time="35.950"/>
  <system-out/>
  <testcase classname="testcases.HumanResourcesTest" name="ValidateClickTestingOfCandidateListPage" time="79.712"/>
  <system-out/>
  <testcase classname="testcases.HumanResourcesTest" name="ValidateClickTestingOfCheckInFlagListPage" time="34.984"/>
  <system-out/>
  <testcase classname="testcases.HumanResourcesTest" name="ValidateClickTestingOfConsultantListPage" time="60.687"/>
  <system-out/>
  <testcase classname="testcases.HumanResourcesTest" name="ValidateClickTestingOfGroupListPage" time="48.274"/>
  <system-out/>
  <testcase classname="testcases.HumanResourcesTest" name="ValidateClickTestingOfHRReportPage" time="43.266"/>
  <system-out/>
  <testcase classname="testcases.HumanResourcesTest" name="ValidateClickTestingOfInductionDocumentListPage" time="50.679"/>
  <system-out/>
  <testcase classname="testcases.HumanResourcesTest" name="ValidateClickTestingOfLeavePage" time="84.220"/>
  <system-out/>
  <testcase classname="testcases.HumanResourcesTest" name="ValidateClickTestingOfLeaveApprovalPage" time="70.094"/>
  <system-out/>
  <testcase classname="testcases.HumanResourcesTest" name="ValidateClickTestingOfLeaveTypeListingPage" time="60.757"/>
  <system-out/>
  <testcase classname="testcases.HumanResourcesTest" name="ValidateClickTestingOfManageCheckInPage" time="47.303"/>
  <system-out/>
  <testcase classname="testcases.HumanResourcesTest" name="ValidateClickTestingOfTalentPoolListPage" time="62.337"/>
  <system-out/>
</testsuite> <!-- testcases.HumanResourcesTest -->
