<?xml version="1.0" encoding="UTF-8"?>
<!-- Generated by org.testng.reporters.JUnitReportReporter -->
<testsuite hostname="COG-WIN-MAC03" failures="0" tests="1" name="TestCases.LeadTest" time="25.513" errors="0" timestamp="2022-12-08T14:21:35 IST" skipped="0">
  <testcase classname="TestCases.LeadTest" name="ValidatePageLoadTimeOfLeadPageWithTenEntries" time="25.513"/>
  <system-out/>
</testsuite> <!-- TestCases.LeadTest -->
