<?xml version="1.0" encoding="UTF-8"?>
<!-- Generated by org.testng.reporters.JUnitReportReporter -->
<testsuite hostname="COG-WIN-MAC03" failures="0" tests="1" name="TestCases.LeadTest" time="36.121" errors="0" timestamp="2022-11-10T14:38:24 IST" skipped="0">
  <testcase classname="TestCases.LeadTest" name="ValidatePageLoadTimeOfLeadPageWithMultipleFilter" time="36.121"/>
  <system-out/>
</testsuite> <!-- TestCases.LeadTest -->
