<?xml version="1.0" encoding="UTF-8"?>
<!-- Generated by org.testng.reporters.JUnitReportReporter -->
<testsuite hostname="COG-WIN-MAC03" failures="0" tests="8" name="testcases.AppotmentCalendarTest" time="358.843" errors="0" timestamp="2022-09-15T09:52:23 IST" skipped="0">
  <testcase classname="testcases.AppotmentCalendarTest" name="ValidateClickTestingOfManageExternalLinkPage" time="37.185"/>
  <system-out/>
  <testcase classname="testcases.AppotmentCalendarTest" name="ValidateClickTestingOfAppoitmentReportPage" time="45.616"/>
  <system-out/>
  <testcase classname="testcases.AppotmentCalendarTest" name="ValidateClickTestingOfConsumerListPage" time="41.213"/>
  <system-out/>
  <testcase classname="testcases.AppotmentCalendarTest" name="ValidateClickTestingOfCoursePage" time="38.499"/>
  <system-out/>
  <testcase classname="testcases.AppotmentCalendarTest" name="ValidateClickTestingOfCounterPage" time="50.287"/>
  <system-out/>
  <testcase classname="testcases.AppotmentCalendarTest" name="ValidateClickTestingOfScheduleAppointmentPage" time="33.745"/>
  <system-out/>
  <testcase classname="testcases.AppotmentCalendarTest" name="ValidateClickTestingOfAppoitmentServicePage" time="47.380"/>
  <system-out/>
  <testcase classname="testcases.AppotmentCalendarTest" name="ValidateClickTestingOfTokenPage" time="64.918"/>
  <system-out/>
</testsuite> <!-- testcases.AppotmentCalendarTest -->
