<?xml version="1.0" encoding="UTF-8"?>
<!-- Generated by org.testng.reporters.JUnitReportReporter -->
<testsuite hostname="COG-WIN-MAC03" failures="0" tests="1" name="testcases.ApprovalTest" time="43.668" errors="0" timestamp="2022-09-15T11:53:59 IST" skipped="0">
  <testcase classname="testcases.ApprovalTest" name="ValidateClickTestingOfApprovalRulePage" time="43.668"/>
  <system-out/>
</testsuite> <!-- testcases.ApprovalTest -->
