<?xml version="1.0" encoding="UTF-8"?>
<!-- Generated by org.testng.reporters.JUnitReportReporter -->
<testsuite hostname="COG-WIN-MAC03" failures="0" tests="1" name="testcases.DisplayScreenTest" time="49.194" errors="0" timestamp="2022-09-29T17:53:32 IST" skipped="0">
  <testcase classname="testcases.DisplayScreenTest" name="ValidateClickTestingOfTokenPage" time="49.194"/>
  <system-out/>
</testsuite> <!-- testcases.DisplayScreenTest -->
