<?xml version="1.0" encoding="UTF-8"?>
<!-- Generated by org.testng.reporters.JUnitReportReporter -->
<testsuite hostname="COG-WIN-MAC03" failures="0" tests="13" name="testcases.BillingTest" time="683.016" errors="0" timestamp="2022-09-19T18:15:46 IST" skipped="0">
  <testcase classname="testcases.BillingTest" name="ValidateClickTestingOfAutomateFlagProcessingPage" time="35.783"/>
  <system-out/>
  <testcase classname="testcases.BillingTest" name="ValidateClickTestingOfBillingRulePage" time="103.874"/>
  <system-out/>
  <testcase classname="testcases.BillingTest" name="ValidateClickTestingOfBillingServicePage" time="51.699"/>
  <system-out/>
  <testcase classname="testcases.BillingTest" name="ValidateClickTestingOfBillingSetupPage" time="47.898"/>
  <system-out/>
  <testcase classname="testcases.BillingTest" name="ValidateClickTestingOfFlagRecordsPage" time="65.996"/>
  <system-out/>
  <testcase classname="testcases.BillingTest" name="ValidateClickTestingOfClientReportPage" time="46.369"/>
  <system-out/>
  <testcase classname="testcases.BillingTest" name="ValidateClickTestingOfAddInvoicePage" time="39.347"/>
  <system-out/>
  <testcase classname="testcases.BillingTest" name="ValidateClickTestingOfImportInvoicePage" time="42.569"/>
  <system-out/>
  <testcase classname="testcases.BillingTest" name="ValidateClickTestingOfInvoicePage" time="70.528"/>
  <system-out/>
  <testcase classname="testcases.BillingTest" name="ValidateClickTestingOfInvoiceReportPage" time="45.635"/>
  <system-out/>
  <testcase classname="testcases.BillingTest" name="ValidateClickTestingOfProcessAndReprocessChargesPage" time="39.983"/>
  <system-out/>
  <testcase classname="testcases.BillingTest" name="ValidateClickTestingOfViewHistoryPage" time="56.984"/>
  <system-out/>
  <testcase classname="testcases.BillingTest" name="ValidateClickTestingOfReceivedInvoicePage" time="36.351"/>
  <system-out/>
</testsuite> <!-- testcases.BillingTest -->
